<?xml version="1.0" encoding="UTF-8"?>
<testsuite xmlns:xsi="http://www.w3.org/2001/XMLSchema-instance" xsi:noNamespaceSchemaLocation="https://maven.apache.org/surefire/maven-surefire-plugin/xsd/surefire-test-report-3.0.xsd" version="3.0" name="com.ecommerce.categoryservice.CategoryServiceApplicationTests" time="0.865" tests="1" errors="0" skipped="0" failures="0">
  <properties>
    <property name="java.specification.version" value="19"/>
    <property name="sun.jnu.encoding" value="UTF-8"/>
    <property name="java.class.path" value="/Users/cihandilsiz/IdeaProjects/Ecommerce-MicroService/category-service/target/test-classes:/Users/cihandilsiz/IdeaProjects/Ecommerce-MicroService/category-service/target/classes:/Users/cihandilsiz/.m2/repository/org/springframework/boot/spring-boot-starter-data-jpa/2.5.7/spring-boot-starter-data-jpa-2.5.7.jar:/Users/cihandilsiz/.m2/repository/org/springframework/boot/spring-boot-starter-aop/2.5.7/spring-boot-starter-aop-2.5.7.jar:/Users/cihandilsiz/.m2/repository/org/springframework/spring-aop/5.3.13/spring-aop-5.3.13.jar:/Users/cihandilsiz/.m2/repository/org/aspectj/aspectjweaver/1.9.7/aspectjweaver-1.9.7.jar:/Users/cihandilsiz/.m2/repository/org/springframework/boot/spring-boot-starter-jdbc/2.5.7/spring-boot-starter-jdbc-2.5.7.jar:/Users/cihandilsiz/.m2/repository/com/zaxxer/HikariCP/4.0.3/HikariCP-4.0.3.jar:/Users/cihandilsiz/.m2/repository/org/springframework/spring-jdbc/5.3.13/spring-jdbc-5.3.13.jar:/Users/cihandilsiz/.m2/repository/jakarta/transaction/jakarta.transaction-api/1.3.3/jakarta.transaction-api-1.3.3.jar:/Users/cihandilsiz/.m2/repository/jakarta/persistence/jakarta.persistence-api/2.2.3/jakarta.persistence-api-2.2.3.jar:/Users/cihandilsiz/.m2/repository/org/hibernate/hibernate-core/5.4.32.Final/hibernate-core-5.4.32.Final.jar:/Users/cihandilsiz/.m2/repository/org/jboss/logging/jboss-logging/3.4.2.Final/jboss-logging-3.4.2.Final.jar:/Users/cihandilsiz/.m2/repository/org/javassist/javassist/3.27.0-GA/javassist-3.27.0-GA.jar:/Users/cihandilsiz/.m2/repository/antlr/antlr/2.7.7/antlr-2.7.7.jar:/Users/cihandilsiz/.m2/repository/org/jboss/jandex/2.2.3.Final/jandex-2.2.3.Final.jar:/Users/cihandilsiz/.m2/repository/org/dom4j/dom4j/2.1.3/dom4j-2.1.3.jar:/Users/cihandilsiz/.m2/repository/org/hibernate/common/hibernate-commons-annotations/5.1.2.Final/hibernate-commons-annotations-5.1.2.Final.jar:/Users/cihandilsiz/.m2/repository/org/glassfish/jaxb/jaxb-runtime/2.3.5/jaxb-runtime-2.3.5.jar:/Users/cihandilsiz/.m2/repository/org/glassfish/jaxb/txw2/2.3.5/txw2-2.3.5.jar:/Users/cihandilsiz/.m2/repository/com/sun/istack/istack-commons-runtime/3.0.12/istack-commons-runtime-3.0.12.jar:/Users/cihandilsiz/.m2/repository/com/sun/activation/jakarta.activation/1.2.2/jakarta.activation-1.2.2.jar:/Users/cihandilsiz/.m2/repository/org/springframework/data/spring-data-jpa/2.5.7/spring-data-jpa-2.5.7.jar:/Users/cihandilsiz/.m2/repository/org/springframework/data/spring-data-commons/2.5.7/spring-data-commons-2.5.7.jar:/Users/cihandilsiz/.m2/repository/org/springframework/spring-orm/5.3.13/spring-orm-5.3.13.jar:/Users/cihandilsiz/.m2/repository/org/springframework/spring-context/5.3.13/spring-context-5.3.13.jar:/Users/cihandilsiz/.m2/repository/org/springframework/spring-tx/5.3.13/spring-tx-5.3.13.jar:/Users/cihandilsiz/.m2/repository/org/springframework/spring-beans/5.3.13/spring-beans-5.3.13.jar:/Users/cihandilsiz/.m2/repository/org/springframework/spring-aspects/5.3.13/spring-aspects-5.3.13.jar:/Users/cihandilsiz/.m2/repository/org/springframework/boot/spring-boot-starter-web/2.5.7/spring-boot-starter-web-2.5.7.jar:/Users/cihandilsiz/.m2/repository/org/springframework/boot/spring-boot-starter/2.5.7/spring-boot-starter-2.5.7.jar:/Users/cihandilsiz/.m2/repository/org/springframework/boot/spring-boot/2.5.7/spring-boot-2.5.7.jar:/Users/cihandilsiz/.m2/repository/org/springframework/boot/spring-boot-autoconfigure/2.5.7/spring-boot-autoconfigure-2.5.7.jar:/Users/cihandilsiz/.m2/repository/org/springframework/boot/spring-boot-starter-logging/2.5.7/spring-boot-starter-logging-2.5.7.jar:/Users/cihandilsiz/.m2/repository/ch/qos/logback/logback-classic/1.2.7/logback-classic-1.2.7.jar:/Users/cihandilsiz/.m2/repository/ch/qos/logback/logback-core/1.2.7/logback-core-1.2.7.jar:/Users/cihandilsiz/.m2/repository/org/apache/logging/log4j/log4j-to-slf4j/2.14.1/log4j-to-slf4j-2.14.1.jar:/Users/cihandilsiz/.m2/repository/org/apache/logging/log4j/log4j-api/2.14.1/log4j-api-2.14.1.jar:/Users/cihandilsiz/.m2/repository/org/slf4j/jul-to-slf4j/1.7.32/jul-to-slf4j-1.7.32.jar:/Users/cihandilsiz/.m2/repository/jakarta/annotation/jakarta.annotation-api/1.3.5/jakarta.annotation-api-1.3.5.jar:/Users/cihandilsiz/.m2/repository/org/yaml/snakeyaml/1.28/snakeyaml-1.28.jar:/Users/cihandilsiz/.m2/repository/org/springframework/boot/spring-boot-starter-json/2.5.7/spring-boot-starter-json-2.5.7.jar:/Users/cihandilsiz/.m2/repository/com/fasterxml/jackson/core/jackson-databind/2.12.5/jackson-databind-2.12.5.jar:/Users/cihandilsiz/.m2/repository/com/fasterxml/jackson/datatype/jackson-datatype-jdk8/2.12.5/jackson-datatype-jdk8-2.12.5.jar:/Users/cihandilsiz/.m2/repository/com/fasterxml/jackson/datatype/jackson-datatype-jsr310/2.12.5/jackson-datatype-jsr310-2.12.5.jar:/Users/cihandilsiz/.m2/repository/com/fasterxml/jackson/module/jackson-module-parameter-names/2.12.5/jackson-module-parameter-names-2.12.5.jar:/Users/cihandilsiz/.m2/repository/org/springframework/boot/spring-boot-starter-tomcat/2.5.7/spring-boot-starter-tomcat-2.5.7.jar:/Users/cihandilsiz/.m2/repository/org/apache/tomcat/embed/tomcat-embed-core/9.0.55/tomcat-embed-core-9.0.55.jar:/Users/cihandilsiz/.m2/repository/org/apache/tomcat/embed/tomcat-embed-websocket/9.0.55/tomcat-embed-websocket-9.0.55.jar:/Users/cihandilsiz/.m2/repository/org/springframework/spring-web/5.3.13/spring-web-5.3.13.jar:/Users/cihandilsiz/.m2/repository/org/springframework/spring-webmvc/5.3.13/spring-webmvc-5.3.13.jar:/Users/cihandilsiz/.m2/repository/org/springframework/spring-expression/5.3.13/spring-expression-5.3.13.jar:/Users/cihandilsiz/.m2/repository/org/postgresql/postgresql/42.2.24/postgresql-42.2.24.jar:/Users/cihandilsiz/.m2/repository/org/checkerframework/checker-qual/3.5.0/checker-qual-3.5.0.jar:/Users/cihandilsiz/.m2/repository/org/mapstruct/mapstruct/1.5.3.Final/mapstruct-1.5.3.Final.jar:/Users/cihandilsiz/.m2/repository/org/projectlombok/lombok/1.18.22/lombok-1.18.22.jar:/Users/cihandilsiz/.m2/repository/io/springfox/springfox-boot-starter/3.0.0/springfox-boot-starter-3.0.0.jar:/Users/cihandilsiz/.m2/repository/io/springfox/springfox-oas/3.0.0/springfox-oas-3.0.0.jar:/Users/cihandilsiz/.m2/repository/io/swagger/core/v3/swagger-annotations/2.1.2/swagger-annotations-2.1.2.jar:/Users/cihandilsiz/.m2/repository/io/swagger/core/v3/swagger-models/2.1.2/swagger-models-2.1.2.jar:/Users/cihandilsiz/.m2/repository/io/springfox/springfox-spi/3.0.0/springfox-spi-3.0.0.jar:/Users/cihandilsiz/.m2/repository/io/springfox/springfox-schema/3.0.0/springfox-schema-3.0.0.jar:/Users/cihandilsiz/.m2/repository/io/springfox/springfox-core/3.0.0/springfox-core-3.0.0.jar:/Users/cihandilsiz/.m2/repository/io/springfox/springfox-spring-web/3.0.0/springfox-spring-web-3.0.0.jar:/Users/cihandilsiz/.m2/repository/io/github/classgraph/classgraph/4.8.83/classgraph-4.8.83.jar:/Users/cihandilsiz/.m2/repository/io/springfox/springfox-spring-webmvc/3.0.0/springfox-spring-webmvc-3.0.0.jar:/Users/cihandilsiz/.m2/repository/io/springfox/springfox-spring-webflux/3.0.0/springfox-spring-webflux-3.0.0.jar:/Users/cihandilsiz/.m2/repository/io/springfox/springfox-swagger-common/3.0.0/springfox-swagger-common-3.0.0.jar:/Users/cihandilsiz/.m2/repository/io/springfox/springfox-data-rest/3.0.0/springfox-data-rest-3.0.0.jar:/Users/cihandilsiz/.m2/repository/io/springfox/springfox-bean-validators/3.0.0/springfox-bean-validators-3.0.0.jar:/Users/cihandilsiz/.m2/repository/io/springfox/springfox-swagger2/3.0.0/springfox-swagger2-3.0.0.jar:/Users/cihandilsiz/.m2/repository/io/swagger/swagger-annotations/1.5.20/swagger-annotations-1.5.20.jar:/Users/cihandilsiz/.m2/repository/io/swagger/swagger-models/1.5.20/swagger-models-1.5.20.jar:/Users/cihandilsiz/.m2/repository/io/springfox/springfox-swagger-ui/3.0.0/springfox-swagger-ui-3.0.0.jar:/Users/cihandilsiz/.m2/repository/com/fasterxml/classmate/1.5.1/classmate-1.5.1.jar:/Users/cihandilsiz/.m2/repository/org/slf4j/slf4j-api/1.7.32/slf4j-api-1.7.32.jar:/Users/cihandilsiz/.m2/repository/org/springframework/plugin/spring-plugin-core/2.0.0.RELEASE/spring-plugin-core-2.0.0.RELEASE.jar:/Users/cihandilsiz/.m2/repository/org/springframework/plugin/spring-plugin-metadata/2.0.0.RELEASE/spring-plugin-metadata-2.0.0.RELEASE.jar:/Users/cihandilsiz/.m2/repository/org/springframework/cloud/spring-cloud-sleuth-zipkin/3.0.3/spring-cloud-sleuth-zipkin-3.0.3.jar:/Users/cihandilsiz/.m2/repository/org/springframework/cloud/spring-cloud-sleuth-instrumentation/3.0.3/spring-cloud-sleuth-instrumentation-3.0.3.jar:/Users/cihandilsiz/.m2/repository/org/springframework/cloud/spring-cloud-sleuth-api/3.0.3/spring-cloud-sleuth-api-3.0.3.jar:/Users/cihandilsiz/.m2/repository/org/aspectj/aspectjrt/1.9.7/aspectjrt-1.9.7.jar:/Users/cihandilsiz/.m2/repository/org/springframework/cloud/spring-cloud-commons/3.0.3/spring-cloud-commons-3.0.3.jar:/Users/cihandilsiz/.m2/repository/org/springframework/security/spring-security-crypto/5.5.3/spring-security-crypto-5.5.3.jar:/Users/cihandilsiz/.m2/repository/io/zipkin/zipkin2/zipkin/2.23.0/zipkin-2.23.0.jar:/Users/cihandilsiz/.m2/repository/io/zipkin/reporter2/zipkin-reporter/2.16.1/zipkin-reporter-2.16.1.jar:/Users/cihandilsiz/.m2/repository/io/zipkin/reporter2/zipkin-reporter-brave/2.16.1/zipkin-reporter-brave-2.16.1.jar:/Users/cihandilsiz/.m2/repository/io/zipkin/reporter2/zipkin-sender-kafka/2.16.1/zipkin-sender-kafka-2.16.1.jar:/Users/cihandilsiz/.m2/repository/io/zipkin/reporter2/zipkin-sender-activemq-client/2.16.1/zipkin-sender-activemq-client-2.16.1.jar:/Users/cihandilsiz/.m2/repository/io/zipkin/reporter2/zipkin-sender-amqp-client/2.16.1/zipkin-sender-amqp-client-2.16.1.jar:/Users/cihandilsiz/.m2/repository/org/springframework/boot/spring-boot-starter-validation/2.5.7/spring-boot-starter-validation-2.5.7.jar:/Users/cihandilsiz/.m2/repository/org/apache/tomcat/embed/tomcat-embed-el/9.0.55/tomcat-embed-el-9.0.55.jar:/Users/cihandilsiz/.m2/repository/org/hibernate/validator/hibernate-validator/6.2.0.Final/hibernate-validator-6.2.0.Final.jar:/Users/cihandilsiz/.m2/repository/jakarta/validation/jakarta.validation-api/2.0.2/jakarta.validation-api-2.0.2.jar:/Users/cihandilsiz/.m2/repository/org/springframework/cloud/spring-cloud-starter-netflix-eureka-client/3.0.3/spring-cloud-starter-netflix-eureka-client-3.0.3.jar:/Users/cihandilsiz/.m2/repository/org/springframework/cloud/spring-cloud-starter/3.0.3/spring-cloud-starter-3.0.3.jar:/Users/cihandilsiz/.m2/repository/org/springframework/cloud/spring-cloud-context/3.0.3/spring-cloud-context-3.0.3.jar:/Users/cihandilsiz/.m2/repository/org/springframework/security/spring-security-rsa/1.0.10.RELEASE/spring-security-rsa-1.0.10.RELEASE.jar:/Users/cihandilsiz/.m2/repository/org/bouncycastle/bcpkix-jdk15on/1.68/bcpkix-jdk15on-1.68.jar:/Users/cihandilsiz/.m2/repository/org/bouncycastle/bcprov-jdk15on/1.68/bcprov-jdk15on-1.68.jar:/Users/cihandilsiz/.m2/repository/org/springframework/cloud/spring-cloud-netflix-eureka-client/3.0.3/spring-cloud-netflix-eureka-client-3.0.3.jar:/Users/cihandilsiz/.m2/repository/com/netflix/eureka/eureka-client/1.10.14/eureka-client-1.10.14.jar:/Users/cihandilsiz/.m2/repository/com/netflix/netflix-commons/netflix-eventbus/0.3.0/netflix-eventbus-0.3.0.jar:/Users/cihandilsiz/.m2/repository/com/netflix/netflix-commons/netflix-infix/0.3.0/netflix-infix-0.3.0.jar:/Users/cihandilsiz/.m2/repository/commons-jxpath/commons-jxpath/1.3/commons-jxpath-1.3.jar:/Users/cihandilsiz/.m2/repository/joda-time/joda-time/2.3/joda-time-2.3.jar:/Users/cihandilsiz/.m2/repository/org/antlr/antlr-runtime/3.4/antlr-runtime-3.4.jar:/Users/cihandilsiz/.m2/repository/org/antlr/stringtemplate/3.2.1/stringtemplate-3.2.1.jar:/Users/cihandilsiz/.m2/repository/com/google/code/gson/gson/2.8.9/gson-2.8.9.jar:/Users/cihandilsiz/.m2/repository/org/apache/commons/commons-math/2.2/commons-math-2.2.jar:/Users/cihandilsiz/.m2/repository/com/thoughtworks/xstream/xstream/1.4.16/xstream-1.4.16.jar:/Users/cihandilsiz/.m2/repository/io/github/x-stream/mxparser/1.2.1/mxparser-1.2.1.jar:/Users/cihandilsiz/.m2/repository/xmlpull/xmlpull/1.1.3.1/xmlpull-1.1.3.1.jar:/Users/cihandilsiz/.m2/repository/javax/ws/rs/jsr311-api/1.1.1/jsr311-api-1.1.1.jar:/Users/cihandilsiz/.m2/repository/com/netflix/servo/servo-core/0.12.21/servo-core-0.12.21.jar:/Users/cihandilsiz/.m2/repository/com/google/guava/guava/19.0/guava-19.0.jar:/Users/cihandilsiz/.m2/repository/org/apache/httpcomponents/httpclient/4.5.13/httpclient-4.5.13.jar:/Users/cihandilsiz/.m2/repository/org/apache/httpcomponents/httpcore/4.4.14/httpcore-4.4.14.jar:/Users/cihandilsiz/.m2/repository/commons-codec/commons-codec/1.15/commons-codec-1.15.jar:/Users/cihandilsiz/.m2/repository/commons-configuration/commons-configuration/1.10/commons-configuration-1.10.jar:/Users/cihandilsiz/.m2/repository/commons-lang/commons-lang/2.6/commons-lang-2.6.jar:/Users/cihandilsiz/.m2/repository/com/google/inject/guice/4.1.0/guice-4.1.0.jar:/Users/cihandilsiz/.m2/repository/javax/inject/javax.inject/1/javax.inject-1.jar:/Users/cihandilsiz/.m2/repository/aopalliance/aopalliance/1.0/aopalliance-1.0.jar:/Users/cihandilsiz/.m2/repository/com/fasterxml/jackson/core/jackson-annotations/2.12.5/jackson-annotations-2.12.5.jar:/Users/cihandilsiz/.m2/repository/com/fasterxml/jackson/core/jackson-core/2.12.5/jackson-core-2.12.5.jar:/Users/cihandilsiz/.m2/repository/org/codehaus/jettison/jettison/1.4.0/jettison-1.4.0.jar:/Users/cihandilsiz/.m2/repository/com/netflix/eureka/eureka-core/1.10.14/eureka-core-1.10.14.jar:/Users/cihandilsiz/.m2/repository/com/fasterxml/woodstox/woodstox-core/6.2.1/woodstox-core-6.2.1.jar:/Users/cihandilsiz/.m2/repository/org/codehaus/woodstox/stax2-api/4.2.1/stax2-api-4.2.1.jar:/Users/cihandilsiz/.m2/repository/org/springframework/cloud/spring-cloud-starter-loadbalancer/3.0.3/spring-cloud-starter-loadbalancer-3.0.3.jar:/Users/cihandilsiz/.m2/repository/org/springframework/cloud/spring-cloud-loadbalancer/3.0.3/spring-cloud-loadbalancer-3.0.3.jar:/Users/cihandilsiz/.m2/repository/io/projectreactor/reactor-core/3.4.12/reactor-core-3.4.12.jar:/Users/cihandilsiz/.m2/repository/org/reactivestreams/reactive-streams/1.0.3/reactive-streams-1.0.3.jar:/Users/cihandilsiz/.m2/repository/io/projectreactor/addons/reactor-extra/3.4.5/reactor-extra-3.4.5.jar:/Users/cihandilsiz/.m2/repository/org/springframework/boot/spring-boot-starter-cache/2.5.7/spring-boot-starter-cache-2.5.7.jar:/Users/cihandilsiz/.m2/repository/org/springframework/spring-context-support/5.3.13/spring-context-support-5.3.13.jar:/Users/cihandilsiz/.m2/repository/com/stoyanr/evictor/1.0.0/evictor-1.0.0.jar:/Users/cihandilsiz/.m2/repository/org/springframework/boot/spring-boot-starter-test/2.5.7/spring-boot-starter-test-2.5.7.jar:/Users/cihandilsiz/.m2/repository/org/springframework/boot/spring-boot-test/2.5.7/spring-boot-test-2.5.7.jar:/Users/cihandilsiz/.m2/repository/org/springframework/boot/spring-boot-test-autoconfigure/2.5.7/spring-boot-test-autoconfigure-2.5.7.jar:/Users/cihandilsiz/.m2/repository/com/jayway/jsonpath/json-path/2.5.0/json-path-2.5.0.jar:/Users/cihandilsiz/.m2/repository/net/minidev/json-smart/2.4.7/json-smart-2.4.7.jar:/Users/cihandilsiz/.m2/repository/net/minidev/accessors-smart/2.4.7/accessors-smart-2.4.7.jar:/Users/cihandilsiz/.m2/repository/org/ow2/asm/asm/9.1/asm-9.1.jar:/Users/cihandilsiz/.m2/repository/jakarta/xml/bind/jakarta.xml.bind-api/2.3.3/jakarta.xml.bind-api-2.3.3.jar:/Users/cihandilsiz/.m2/repository/jakarta/activation/jakarta.activation-api/1.2.2/jakarta.activation-api-1.2.2.jar:/Users/cihandilsiz/.m2/repository/org/skyscreamer/jsonassert/1.5.0/jsonassert-1.5.0.jar:/Users/cihandilsiz/.m2/repository/com/vaadin/external/google/android-json/0.0.20131108.vaadin1/android-json-0.0.20131108.vaadin1.jar:/Users/cihandilsiz/.m2/repository/org/springframework/spring-core/5.3.13/spring-core-5.3.13.jar:/Users/cihandilsiz/.m2/repository/org/springframework/spring-jcl/5.3.13/spring-jcl-5.3.13.jar:/Users/cihandilsiz/.m2/repository/org/springframework/spring-test/5.3.13/spring-test-5.3.13.jar:/Users/cihandilsiz/.m2/repository/org/xmlunit/xmlunit-core/2.8.3/xmlunit-core-2.8.3.jar:/Users/cihandilsiz/.m2/repository/org/springframework/cloud/spring-cloud-starter-openfeign/3.0.3/spring-cloud-starter-openfeign-3.0.3.jar:/Users/cihandilsiz/.m2/repository/org/springframework/cloud/spring-cloud-openfeign-core/3.0.3/spring-cloud-openfeign-core-3.0.3.jar:/Users/cihandilsiz/.m2/repository/io/github/openfeign/form/feign-form-spring/3.8.0/feign-form-spring-3.8.0.jar:/Users/cihandilsiz/.m2/repository/io/github/openfeign/form/feign-form/3.8.0/feign-form-3.8.0.jar:/Users/cihandilsiz/.m2/repository/commons-fileupload/commons-fileupload/1.4/commons-fileupload-1.4.jar:/Users/cihandilsiz/.m2/repository/commons-io/commons-io/2.2/commons-io-2.2.jar:/Users/cihandilsiz/.m2/repository/io/github/openfeign/feign-core/10.12/feign-core-10.12.jar:/Users/cihandilsiz/.m2/repository/io/github/openfeign/feign-slf4j/10.12/feign-slf4j-10.12.jar:/Users/cihandilsiz/.m2/repository/org/springframework/cloud/spring-cloud-starter-sleuth/3.0.3/spring-cloud-starter-sleuth-3.0.3.jar:/Users/cihandilsiz/.m2/repository/org/springframework/cloud/spring-cloud-sleuth-autoconfigure/3.0.3/spring-cloud-sleuth-autoconfigure-3.0.3.jar:/Users/cihandilsiz/.m2/repository/org/springframework/cloud/spring-cloud-sleuth-brave/3.0.3/spring-cloud-sleuth-brave-3.0.3.jar:/Users/cihandilsiz/.m2/repository/io/zipkin/brave/brave/5.13.2/brave-5.13.2.jar:/Users/cihandilsiz/.m2/repository/io/zipkin/brave/brave-context-slf4j/5.13.2/brave-context-slf4j-5.13.2.jar:/Users/cihandilsiz/.m2/repository/io/zipkin/brave/brave-instrumentation-messaging/5.13.2/brave-instrumentation-messaging-5.13.2.jar:/Users/cihandilsiz/.m2/repository/io/zipkin/brave/brave-instrumentation-rpc/5.13.2/brave-instrumentation-rpc-5.13.2.jar:/Users/cihandilsiz/.m2/repository/io/zipkin/brave/brave-instrumentation-spring-rabbit/5.13.2/brave-instrumentation-spring-rabbit-5.13.2.jar:/Users/cihandilsiz/.m2/repository/io/zipkin/brave/brave-instrumentation-kafka-clients/5.13.2/brave-instrumentation-kafka-clients-5.13.2.jar:/Users/cihandilsiz/.m2/repository/io/zipkin/brave/brave-instrumentation-kafka-streams/5.13.2/brave-instrumentation-kafka-streams-5.13.2.jar:/Users/cihandilsiz/.m2/repository/io/zipkin/brave/brave-instrumentation-httpclient/5.13.2/brave-instrumentation-httpclient-5.13.2.jar:/Users/cihandilsiz/.m2/repository/io/zipkin/brave/brave-instrumentation-http/5.13.2/brave-instrumentation-http-5.13.2.jar:/Users/cihandilsiz/.m2/repository/io/zipkin/brave/brave-instrumentation-httpasyncclient/5.13.2/brave-instrumentation-httpasyncclient-5.13.2.jar:/Users/cihandilsiz/.m2/repository/io/zipkin/brave/brave-instrumentation-jms/5.13.2/brave-instrumentation-jms-5.13.2.jar:/Users/cihandilsiz/.m2/repository/io/zipkin/brave/brave-instrumentation-mongodb/5.13.2/brave-instrumentation-mongodb-5.13.2.jar:/Users/cihandilsiz/.m2/repository/io/zipkin/aws/brave-propagation-aws/0.21.3/brave-propagation-aws-0.21.3.jar:/Users/cihandilsiz/.m2/repository/io/zipkin/reporter2/zipkin-reporter-metrics-micrometer/2.16.1/zipkin-reporter-metrics-micrometer-2.16.1.jar:/Users/cihandilsiz/.m2/repository/org/assertj/assertj-core/3.22.0/assertj-core-3.22.0.jar:/Users/cihandilsiz/.m2/repository/org/hamcrest/hamcrest/2.2/hamcrest-2.2.jar:/Users/cihandilsiz/.m2/repository/org/junit/jupiter/junit-jupiter/5.9.3/junit-jupiter-5.9.3.jar:/Users/cihandilsiz/.m2/repository/org/junit/jupiter/junit-jupiter-api/5.7.2/junit-jupiter-api-5.7.2.jar:/Users/cihandilsiz/.m2/repository/org/apiguardian/apiguardian-api/1.1.0/apiguardian-api-1.1.0.jar:/Users/cihandilsiz/.m2/repository/org/opentest4j/opentest4j/1.2.0/opentest4j-1.2.0.jar:/Users/cihandilsiz/.m2/repository/org/junit/platform/junit-platform-commons/1.7.2/junit-platform-commons-1.7.2.jar:/Users/cihandilsiz/.m2/repository/org/junit/jupiter/junit-jupiter-params/5.7.2/junit-jupiter-params-5.7.2.jar:/Users/cihandilsiz/.m2/repository/org/junit/jupiter/junit-jupiter-engine/5.7.2/junit-jupiter-engine-5.7.2.jar:/Users/cihandilsiz/.m2/repository/org/junit/platform/junit-platform-engine/1.7.2/junit-platform-engine-1.7.2.jar:/Users/cihandilsiz/.m2/repository/org/mockito/mockito-junit-jupiter/5.3.1/mockito-junit-jupiter-5.3.1.jar:/Users/cihandilsiz/.m2/repository/org/mockito/mockito-core/5.3.1/mockito-core-5.3.1.jar:/Users/cihandilsiz/.m2/repository/org/objenesis/objenesis/3.3/objenesis-3.3.jar:/Users/cihandilsiz/.m2/repository/net/bytebuddy/byte-buddy/1.12.6/byte-buddy-1.12.6.jar:/Users/cihandilsiz/.m2/repository/net/bytebuddy/byte-buddy-agent/1.12.6/byte-buddy-agent-1.12.6.jar:"/>
    <property name="java.vm.vendor" value="Oracle Corporation"/>
    <property name="sun.arch.data.model" value="64"/>
    <property name="java.vendor.url" value="https://java.oracle.com/"/>
    <property name="user.timezone" value="America/Los_Angeles"/>
    <property name="os.name" value="Mac OS X"/>
    <property name="java.vm.specification.version" value="19"/>
    <property name="sun.java.launcher" value="SUN_STANDARD"/>
    <property name="user.country" value="US"/>
    <property name="sun.boot.library.path" value="/Library/Java/JavaVirtualMachines/jdk-19.jdk/Contents/Home/lib"/>
    <property name="sun.java.command" value="/Users/cihandilsiz/IdeaProjects/Ecommerce-MicroService/category-service/target/surefire/surefirebooter-20230722231531897_3.jar /Users/cihandilsiz/IdeaProjects/Ecommerce-MicroService/category-service/target/surefire 2023-07-22T23-15-31_854-jvmRun1 surefire-20230722231531897_1tmp surefire_0-20230722231531897_2tmp"/>
    <property name="jdk.debug" value="release"/>
    <property name="surefire.test.class.path" value="/Users/cihandilsiz/IdeaProjects/Ecommerce-MicroService/category-service/target/test-classes:/Users/cihandilsiz/IdeaProjects/Ecommerce-MicroService/category-service/target/classes:/Users/cihandilsiz/.m2/repository/org/springframework/boot/spring-boot-starter-data-jpa/2.5.7/spring-boot-starter-data-jpa-2.5.7.jar:/Users/cihandilsiz/.m2/repository/org/springframework/boot/spring-boot-starter-aop/2.5.7/spring-boot-starter-aop-2.5.7.jar:/Users/cihandilsiz/.m2/repository/org/springframework/spring-aop/5.3.13/spring-aop-5.3.13.jar:/Users/cihandilsiz/.m2/repository/org/aspectj/aspectjweaver/1.9.7/aspectjweaver-1.9.7.jar:/Users/cihandilsiz/.m2/repository/org/springframework/boot/spring-boot-starter-jdbc/2.5.7/spring-boot-starter-jdbc-2.5.7.jar:/Users/cihandilsiz/.m2/repository/com/zaxxer/HikariCP/4.0.3/HikariCP-4.0.3.jar:/Users/cihandilsiz/.m2/repository/org/springframework/spring-jdbc/5.3.13/spring-jdbc-5.3.13.jar:/Users/cihandilsiz/.m2/repository/jakarta/transaction/jakarta.transaction-api/1.3.3/jakarta.transaction-api-1.3.3.jar:/Users/cihandilsiz/.m2/repository/jakarta/persistence/jakarta.persistence-api/2.2.3/jakarta.persistence-api-2.2.3.jar:/Users/cihandilsiz/.m2/repository/org/hibernate/hibernate-core/5.4.32.Final/hibernate-core-5.4.32.Final.jar:/Users/cihandilsiz/.m2/repository/org/jboss/logging/jboss-logging/3.4.2.Final/jboss-logging-3.4.2.Final.jar:/Users/cihandilsiz/.m2/repository/org/javassist/javassist/3.27.0-GA/javassist-3.27.0-GA.jar:/Users/cihandilsiz/.m2/repository/antlr/antlr/2.7.7/antlr-2.7.7.jar:/Users/cihandilsiz/.m2/repository/org/jboss/jandex/2.2.3.Final/jandex-2.2.3.Final.jar:/Users/cihandilsiz/.m2/repository/org/dom4j/dom4j/2.1.3/dom4j-2.1.3.jar:/Users/cihandilsiz/.m2/repository/org/hibernate/common/hibernate-commons-annotations/5.1.2.Final/hibernate-commons-annotations-5.1.2.Final.jar:/Users/cihandilsiz/.m2/repository/org/glassfish/jaxb/jaxb-runtime/2.3.5/jaxb-runtime-2.3.5.jar:/Users/cihandilsiz/.m2/repository/org/glassfish/jaxb/txw2/2.3.5/txw2-2.3.5.jar:/Users/cihandilsiz/.m2/repository/com/sun/istack/istack-commons-runtime/3.0.12/istack-commons-runtime-3.0.12.jar:/Users/cihandilsiz/.m2/repository/com/sun/activation/jakarta.activation/1.2.2/jakarta.activation-1.2.2.jar:/Users/cihandilsiz/.m2/repository/org/springframework/data/spring-data-jpa/2.5.7/spring-data-jpa-2.5.7.jar:/Users/cihandilsiz/.m2/repository/org/springframework/data/spring-data-commons/2.5.7/spring-data-commons-2.5.7.jar:/Users/cihandilsiz/.m2/repository/org/springframework/spring-orm/5.3.13/spring-orm-5.3.13.jar:/Users/cihandilsiz/.m2/repository/org/springframework/spring-context/5.3.13/spring-context-5.3.13.jar:/Users/cihandilsiz/.m2/repository/org/springframework/spring-tx/5.3.13/spring-tx-5.3.13.jar:/Users/cihandilsiz/.m2/repository/org/springframework/spring-beans/5.3.13/spring-beans-5.3.13.jar:/Users/cihandilsiz/.m2/repository/org/springframework/spring-aspects/5.3.13/spring-aspects-5.3.13.jar:/Users/cihandilsiz/.m2/repository/org/springframework/boot/spring-boot-starter-web/2.5.7/spring-boot-starter-web-2.5.7.jar:/Users/cihandilsiz/.m2/repository/org/springframework/boot/spring-boot-starter/2.5.7/spring-boot-starter-2.5.7.jar:/Users/cihandilsiz/.m2/repository/org/springframework/boot/spring-boot/2.5.7/spring-boot-2.5.7.jar:/Users/cihandilsiz/.m2/repository/org/springframework/boot/spring-boot-autoconfigure/2.5.7/spring-boot-autoconfigure-2.5.7.jar:/Users/cihandilsiz/.m2/repository/org/springframework/boot/spring-boot-starter-logging/2.5.7/spring-boot-starter-logging-2.5.7.jar:/Users/cihandilsiz/.m2/repository/ch/qos/logback/logback-classic/1.2.7/logback-classic-1.2.7.jar:/Users/cihandilsiz/.m2/repository/ch/qos/logback/logback-core/1.2.7/logback-core-1.2.7.jar:/Users/cihandilsiz/.m2/repository/org/apache/logging/log4j/log4j-to-slf4j/2.14.1/log4j-to-slf4j-2.14.1.jar:/Users/cihandilsiz/.m2/repository/org/apache/logging/log4j/log4j-api/2.14.1/log4j-api-2.14.1.jar:/Users/cihandilsiz/.m2/repository/org/slf4j/jul-to-slf4j/1.7.32/jul-to-slf4j-1.7.32.jar:/Users/cihandilsiz/.m2/repository/jakarta/annotation/jakarta.annotation-api/1.3.5/jakarta.annotation-api-1.3.5.jar:/Users/cihandilsiz/.m2/repository/org/yaml/snakeyaml/1.28/snakeyaml-1.28.jar:/Users/cihandilsiz/.m2/repository/org/springframework/boot/spring-boot-starter-json/2.5.7/spring-boot-starter-json-2.5.7.jar:/Users/cihandilsiz/.m2/repository/com/fasterxml/jackson/core/jackson-databind/2.12.5/jackson-databind-2.12.5.jar:/Users/cihandilsiz/.m2/repository/com/fasterxml/jackson/datatype/jackson-datatype-jdk8/2.12.5/jackson-datatype-jdk8-2.12.5.jar:/Users/cihandilsiz/.m2/repository/com/fasterxml/jackson/datatype/jackson-datatype-jsr310/2.12.5/jackson-datatype-jsr310-2.12.5.jar:/Users/cihandilsiz/.m2/repository/com/fasterxml/jackson/module/jackson-module-parameter-names/2.12.5/jackson-module-parameter-names-2.12.5.jar:/Users/cihandilsiz/.m2/repository/org/springframework/boot/spring-boot-starter-tomcat/2.5.7/spring-boot-starter-tomcat-2.5.7.jar:/Users/cihandilsiz/.m2/repository/org/apache/tomcat/embed/tomcat-embed-core/9.0.55/tomcat-embed-core-9.0.55.jar:/Users/cihandilsiz/.m2/repository/org/apache/tomcat/embed/tomcat-embed-websocket/9.0.55/tomcat-embed-websocket-9.0.55.jar:/Users/cihandilsiz/.m2/repository/org/springframework/spring-web/5.3.13/spring-web-5.3.13.jar:/Users/cihandilsiz/.m2/repository/org/springframework/spring-webmvc/5.3.13/spring-webmvc-5.3.13.jar:/Users/cihandilsiz/.m2/repository/org/springframework/spring-expression/5.3.13/spring-expression-5.3.13.jar:/Users/cihandilsiz/.m2/repository/org/postgresql/postgresql/42.2.24/postgresql-42.2.24.jar:/Users/cihandilsiz/.m2/repository/org/checkerframework/checker-qual/3.5.0/checker-qual-3.5.0.jar:/Users/cihandilsiz/.m2/repository/org/mapstruct/mapstruct/1.5.3.Final/mapstruct-1.5.3.Final.jar:/Users/cihandilsiz/.m2/repository/org/projectlombok/lombok/1.18.22/lombok-1.18.22.jar:/Users/cihandilsiz/.m2/repository/io/springfox/springfox-boot-starter/3.0.0/springfox-boot-starter-3.0.0.jar:/Users/cihandilsiz/.m2/repository/io/springfox/springfox-oas/3.0.0/springfox-oas-3.0.0.jar:/Users/cihandilsiz/.m2/repository/io/swagger/core/v3/swagger-annotations/2.1.2/swagger-annotations-2.1.2.jar:/Users/cihandilsiz/.m2/repository/io/swagger/core/v3/swagger-models/2.1.2/swagger-models-2.1.2.jar:/Users/cihandilsiz/.m2/repository/io/springfox/springfox-spi/3.0.0/springfox-spi-3.0.0.jar:/Users/cihandilsiz/.m2/repository/io/springfox/springfox-schema/3.0.0/springfox-schema-3.0.0.jar:/Users/cihandilsiz/.m2/repository/io/springfox/springfox-core/3.0.0/springfox-core-3.0.0.jar:/Users/cihandilsiz/.m2/repository/io/springfox/springfox-spring-web/3.0.0/springfox-spring-web-3.0.0.jar:/Users/cihandilsiz/.m2/repository/io/github/classgraph/classgraph/4.8.83/classgraph-4.8.83.jar:/Users/cihandilsiz/.m2/repository/io/springfox/springfox-spring-webmvc/3.0.0/springfox-spring-webmvc-3.0.0.jar:/Users/cihandilsiz/.m2/repository/io/springfox/springfox-spring-webflux/3.0.0/springfox-spring-webflux-3.0.0.jar:/Users/cihandilsiz/.m2/repository/io/springfox/springfox-swagger-common/3.0.0/springfox-swagger-common-3.0.0.jar:/Users/cihandilsiz/.m2/repository/io/springfox/springfox-data-rest/3.0.0/springfox-data-rest-3.0.0.jar:/Users/cihandilsiz/.m2/repository/io/springfox/springfox-bean-validators/3.0.0/springfox-bean-validators-3.0.0.jar:/Users/cihandilsiz/.m2/repository/io/springfox/springfox-swagger2/3.0.0/springfox-swagger2-3.0.0.jar:/Users/cihandilsiz/.m2/repository/io/swagger/swagger-annotations/1.5.20/swagger-annotations-1.5.20.jar:/Users/cihandilsiz/.m2/repository/io/swagger/swagger-models/1.5.20/swagger-models-1.5.20.jar:/Users/cihandilsiz/.m2/repository/io/springfox/springfox-swagger-ui/3.0.0/springfox-swagger-ui-3.0.0.jar:/Users/cihandilsiz/.m2/repository/com/fasterxml/classmate/1.5.1/classmate-1.5.1.jar:/Users/cihandilsiz/.m2/repository/org/slf4j/slf4j-api/1.7.32/slf4j-api-1.7.32.jar:/Users/cihandilsiz/.m2/repository/org/springframework/plugin/spring-plugin-core/2.0.0.RELEASE/spring-plugin-core-2.0.0.RELEASE.jar:/Users/cihandilsiz/.m2/repository/org/springframework/plugin/spring-plugin-metadata/2.0.0.RELEASE/spring-plugin-metadata-2.0.0.RELEASE.jar:/Users/cihandilsiz/.m2/repository/org/springframework/cloud/spring-cloud-sleuth-zipkin/3.0.3/spring-cloud-sleuth-zipkin-3.0.3.jar:/Users/cihandilsiz/.m2/repository/org/springframework/cloud/spring-cloud-sleuth-instrumentation/3.0.3/spring-cloud-sleuth-instrumentation-3.0.3.jar:/Users/cihandilsiz/.m2/repository/org/springframework/cloud/spring-cloud-sleuth-api/3.0.3/spring-cloud-sleuth-api-3.0.3.jar:/Users/cihandilsiz/.m2/repository/org/aspectj/aspectjrt/1.9.7/aspectjrt-1.9.7.jar:/Users/cihandilsiz/.m2/repository/org/springframework/cloud/spring-cloud-commons/3.0.3/spring-cloud-commons-3.0.3.jar:/Users/cihandilsiz/.m2/repository/org/springframework/security/spring-security-crypto/5.5.3/spring-security-crypto-5.5.3.jar:/Users/cihandilsiz/.m2/repository/io/zipkin/zipkin2/zipkin/2.23.0/zipkin-2.23.0.jar:/Users/cihandilsiz/.m2/repository/io/zipkin/reporter2/zipkin-reporter/2.16.1/zipkin-reporter-2.16.1.jar:/Users/cihandilsiz/.m2/repository/io/zipkin/reporter2/zipkin-reporter-brave/2.16.1/zipkin-reporter-brave-2.16.1.jar:/Users/cihandilsiz/.m2/repository/io/zipkin/reporter2/zipkin-sender-kafka/2.16.1/zipkin-sender-kafka-2.16.1.jar:/Users/cihandilsiz/.m2/repository/io/zipkin/reporter2/zipkin-sender-activemq-client/2.16.1/zipkin-sender-activemq-client-2.16.1.jar:/Users/cihandilsiz/.m2/repository/io/zipkin/reporter2/zipkin-sender-amqp-client/2.16.1/zipkin-sender-amqp-client-2.16.1.jar:/Users/cihandilsiz/.m2/repository/org/springframework/boot/spring-boot-starter-validation/2.5.7/spring-boot-starter-validation-2.5.7.jar:/Users/cihandilsiz/.m2/repository/org/apache/tomcat/embed/tomcat-embed-el/9.0.55/tomcat-embed-el-9.0.55.jar:/Users/cihandilsiz/.m2/repository/org/hibernate/validator/hibernate-validator/6.2.0.Final/hibernate-validator-6.2.0.Final.jar:/Users/cihandilsiz/.m2/repository/jakarta/validation/jakarta.validation-api/2.0.2/jakarta.validation-api-2.0.2.jar:/Users/cihandilsiz/.m2/repository/org/springframework/cloud/spring-cloud-starter-netflix-eureka-client/3.0.3/spring-cloud-starter-netflix-eureka-client-3.0.3.jar:/Users/cihandilsiz/.m2/repository/org/springframework/cloud/spring-cloud-starter/3.0.3/spring-cloud-starter-3.0.3.jar:/Users/cihandilsiz/.m2/repository/org/springframework/cloud/spring-cloud-context/3.0.3/spring-cloud-context-3.0.3.jar:/Users/cihandilsiz/.m2/repository/org/springframework/security/spring-security-rsa/1.0.10.RELEASE/spring-security-rsa-1.0.10.RELEASE.jar:/Users/cihandilsiz/.m2/repository/org/bouncycastle/bcpkix-jdk15on/1.68/bcpkix-jdk15on-1.68.jar:/Users/cihandilsiz/.m2/repository/org/bouncycastle/bcprov-jdk15on/1.68/bcprov-jdk15on-1.68.jar:/Users/cihandilsiz/.m2/repository/org/springframework/cloud/spring-cloud-netflix-eureka-client/3.0.3/spring-cloud-netflix-eureka-client-3.0.3.jar:/Users/cihandilsiz/.m2/repository/com/netflix/eureka/eureka-client/1.10.14/eureka-client-1.10.14.jar:/Users/cihandilsiz/.m2/repository/com/netflix/netflix-commons/netflix-eventbus/0.3.0/netflix-eventbus-0.3.0.jar:/Users/cihandilsiz/.m2/repository/com/netflix/netflix-commons/netflix-infix/0.3.0/netflix-infix-0.3.0.jar:/Users/cihandilsiz/.m2/repository/commons-jxpath/commons-jxpath/1.3/commons-jxpath-1.3.jar:/Users/cihandilsiz/.m2/repository/joda-time/joda-time/2.3/joda-time-2.3.jar:/Users/cihandilsiz/.m2/repository/org/antlr/antlr-runtime/3.4/antlr-runtime-3.4.jar:/Users/cihandilsiz/.m2/repository/org/antlr/stringtemplate/3.2.1/stringtemplate-3.2.1.jar:/Users/cihandilsiz/.m2/repository/com/google/code/gson/gson/2.8.9/gson-2.8.9.jar:/Users/cihandilsiz/.m2/repository/org/apache/commons/commons-math/2.2/commons-math-2.2.jar:/Users/cihandilsiz/.m2/repository/com/thoughtworks/xstream/xstream/1.4.16/xstream-1.4.16.jar:/Users/cihandilsiz/.m2/repository/io/github/x-stream/mxparser/1.2.1/mxparser-1.2.1.jar:/Users/cihandilsiz/.m2/repository/xmlpull/xmlpull/1.1.3.1/xmlpull-1.1.3.1.jar:/Users/cihandilsiz/.m2/repository/javax/ws/rs/jsr311-api/1.1.1/jsr311-api-1.1.1.jar:/Users/cihandilsiz/.m2/repository/com/netflix/servo/servo-core/0.12.21/servo-core-0.12.21.jar:/Users/cihandilsiz/.m2/repository/com/google/guava/guava/19.0/guava-19.0.jar:/Users/cihandilsiz/.m2/repository/org/apache/httpcomponents/httpclient/4.5.13/httpclient-4.5.13.jar:/Users/cihandilsiz/.m2/repository/org/apache/httpcomponents/httpcore/4.4.14/httpcore-4.4.14.jar:/Users/cihandilsiz/.m2/repository/commons-codec/commons-codec/1.15/commons-codec-1.15.jar:/Users/cihandilsiz/.m2/repository/commons-configuration/commons-configuration/1.10/commons-configuration-1.10.jar:/Users/cihandilsiz/.m2/repository/commons-lang/commons-lang/2.6/commons-lang-2.6.jar:/Users/cihandilsiz/.m2/repository/com/google/inject/guice/4.1.0/guice-4.1.0.jar:/Users/cihandilsiz/.m2/repository/javax/inject/javax.inject/1/javax.inject-1.jar:/Users/cihandilsiz/.m2/repository/aopalliance/aopalliance/1.0/aopalliance-1.0.jar:/Users/cihandilsiz/.m2/repository/com/fasterxml/jackson/core/jackson-annotations/2.12.5/jackson-annotations-2.12.5.jar:/Users/cihandilsiz/.m2/repository/com/fasterxml/jackson/core/jackson-core/2.12.5/jackson-core-2.12.5.jar:/Users/cihandilsiz/.m2/repository/org/codehaus/jettison/jettison/1.4.0/jettison-1.4.0.jar:/Users/cihandilsiz/.m2/repository/com/netflix/eureka/eureka-core/1.10.14/eureka-core-1.10.14.jar:/Users/cihandilsiz/.m2/repository/com/fasterxml/woodstox/woodstox-core/6.2.1/woodstox-core-6.2.1.jar:/Users/cihandilsiz/.m2/repository/org/codehaus/woodstox/stax2-api/4.2.1/stax2-api-4.2.1.jar:/Users/cihandilsiz/.m2/repository/org/springframework/cloud/spring-cloud-starter-loadbalancer/3.0.3/spring-cloud-starter-loadbalancer-3.0.3.jar:/Users/cihandilsiz/.m2/repository/org/springframework/cloud/spring-cloud-loadbalancer/3.0.3/spring-cloud-loadbalancer-3.0.3.jar:/Users/cihandilsiz/.m2/repository/io/projectreactor/reactor-core/3.4.12/reactor-core-3.4.12.jar:/Users/cihandilsiz/.m2/repository/org/reactivestreams/reactive-streams/1.0.3/reactive-streams-1.0.3.jar:/Users/cihandilsiz/.m2/repository/io/projectreactor/addons/reactor-extra/3.4.5/reactor-extra-3.4.5.jar:/Users/cihandilsiz/.m2/repository/org/springframework/boot/spring-boot-starter-cache/2.5.7/spring-boot-starter-cache-2.5.7.jar:/Users/cihandilsiz/.m2/repository/org/springframework/spring-context-support/5.3.13/spring-context-support-5.3.13.jar:/Users/cihandilsiz/.m2/repository/com/stoyanr/evictor/1.0.0/evictor-1.0.0.jar:/Users/cihandilsiz/.m2/repository/org/springframework/boot/spring-boot-starter-test/2.5.7/spring-boot-starter-test-2.5.7.jar:/Users/cihandilsiz/.m2/repository/org/springframework/boot/spring-boot-test/2.5.7/spring-boot-test-2.5.7.jar:/Users/cihandilsiz/.m2/repository/org/springframework/boot/spring-boot-test-autoconfigure/2.5.7/spring-boot-test-autoconfigure-2.5.7.jar:/Users/cihandilsiz/.m2/repository/com/jayway/jsonpath/json-path/2.5.0/json-path-2.5.0.jar:/Users/cihandilsiz/.m2/repository/net/minidev/json-smart/2.4.7/json-smart-2.4.7.jar:/Users/cihandilsiz/.m2/repository/net/minidev/accessors-smart/2.4.7/accessors-smart-2.4.7.jar:/Users/cihandilsiz/.m2/repository/org/ow2/asm/asm/9.1/asm-9.1.jar:/Users/cihandilsiz/.m2/repository/jakarta/xml/bind/jakarta.xml.bind-api/2.3.3/jakarta.xml.bind-api-2.3.3.jar:/Users/cihandilsiz/.m2/repository/jakarta/activation/jakarta.activation-api/1.2.2/jakarta.activation-api-1.2.2.jar:/Users/cihandilsiz/.m2/repository/org/skyscreamer/jsonassert/1.5.0/jsonassert-1.5.0.jar:/Users/cihandilsiz/.m2/repository/com/vaadin/external/google/android-json/0.0.20131108.vaadin1/android-json-0.0.20131108.vaadin1.jar:/Users/cihandilsiz/.m2/repository/org/springframework/spring-core/5.3.13/spring-core-5.3.13.jar:/Users/cihandilsiz/.m2/repository/org/springframework/spring-jcl/5.3.13/spring-jcl-5.3.13.jar:/Users/cihandilsiz/.m2/repository/org/springframework/spring-test/5.3.13/spring-test-5.3.13.jar:/Users/cihandilsiz/.m2/repository/org/xmlunit/xmlunit-core/2.8.3/xmlunit-core-2.8.3.jar:/Users/cihandilsiz/.m2/repository/org/springframework/cloud/spring-cloud-starter-openfeign/3.0.3/spring-cloud-starter-openfeign-3.0.3.jar:/Users/cihandilsiz/.m2/repository/org/springframework/cloud/spring-cloud-openfeign-core/3.0.3/spring-cloud-openfeign-core-3.0.3.jar:/Users/cihandilsiz/.m2/repository/io/github/openfeign/form/feign-form-spring/3.8.0/feign-form-spring-3.8.0.jar:/Users/cihandilsiz/.m2/repository/io/github/openfeign/form/feign-form/3.8.0/feign-form-3.8.0.jar:/Users/cihandilsiz/.m2/repository/commons-fileupload/commons-fileupload/1.4/commons-fileupload-1.4.jar:/Users/cihandilsiz/.m2/repository/commons-io/commons-io/2.2/commons-io-2.2.jar:/Users/cihandilsiz/.m2/repository/io/github/openfeign/feign-core/10.12/feign-core-10.12.jar:/Users/cihandilsiz/.m2/repository/io/github/openfeign/feign-slf4j/10.12/feign-slf4j-10.12.jar:/Users/cihandilsiz/.m2/repository/org/springframework/cloud/spring-cloud-starter-sleuth/3.0.3/spring-cloud-starter-sleuth-3.0.3.jar:/Users/cihandilsiz/.m2/repository/org/springframework/cloud/spring-cloud-sleuth-autoconfigure/3.0.3/spring-cloud-sleuth-autoconfigure-3.0.3.jar:/Users/cihandilsiz/.m2/repository/org/springframework/cloud/spring-cloud-sleuth-brave/3.0.3/spring-cloud-sleuth-brave-3.0.3.jar:/Users/cihandilsiz/.m2/repository/io/zipkin/brave/brave/5.13.2/brave-5.13.2.jar:/Users/cihandilsiz/.m2/repository/io/zipkin/brave/brave-context-slf4j/5.13.2/brave-context-slf4j-5.13.2.jar:/Users/cihandilsiz/.m2/repository/io/zipkin/brave/brave-instrumentation-messaging/5.13.2/brave-instrumentation-messaging-5.13.2.jar:/Users/cihandilsiz/.m2/repository/io/zipkin/brave/brave-instrumentation-rpc/5.13.2/brave-instrumentation-rpc-5.13.2.jar:/Users/cihandilsiz/.m2/repository/io/zipkin/brave/brave-instrumentation-spring-rabbit/5.13.2/brave-instrumentation-spring-rabbit-5.13.2.jar:/Users/cihandilsiz/.m2/repository/io/zipkin/brave/brave-instrumentation-kafka-clients/5.13.2/brave-instrumentation-kafka-clients-5.13.2.jar:/Users/cihandilsiz/.m2/repository/io/zipkin/brave/brave-instrumentation-kafka-streams/5.13.2/brave-instrumentation-kafka-streams-5.13.2.jar:/Users/cihandilsiz/.m2/repository/io/zipkin/brave/brave-instrumentation-httpclient/5.13.2/brave-instrumentation-httpclient-5.13.2.jar:/Users/cihandilsiz/.m2/repository/io/zipkin/brave/brave-instrumentation-http/5.13.2/brave-instrumentation-http-5.13.2.jar:/Users/cihandilsiz/.m2/repository/io/zipkin/brave/brave-instrumentation-httpasyncclient/5.13.2/brave-instrumentation-httpasyncclient-5.13.2.jar:/Users/cihandilsiz/.m2/repository/io/zipkin/brave/brave-instrumentation-jms/5.13.2/brave-instrumentation-jms-5.13.2.jar:/Users/cihandilsiz/.m2/repository/io/zipkin/brave/brave-instrumentation-mongodb/5.13.2/brave-instrumentation-mongodb-5.13.2.jar:/Users/cihandilsiz/.m2/repository/io/zipkin/aws/brave-propagation-aws/0.21.3/brave-propagation-aws-0.21.3.jar:/Users/cihandilsiz/.m2/repository/io/zipkin/reporter2/zipkin-reporter-metrics-micrometer/2.16.1/zipkin-reporter-metrics-micrometer-2.16.1.jar:/Users/cihandilsiz/.m2/repository/org/assertj/assertj-core/3.22.0/assertj-core-3.22.0.jar:/Users/cihandilsiz/.m2/repository/org/hamcrest/hamcrest/2.2/hamcrest-2.2.jar:/Users/cihandilsiz/.m2/repository/org/junit/jupiter/junit-jupiter/5.9.3/junit-jupiter-5.9.3.jar:/Users/cihandilsiz/.m2/repository/org/junit/jupiter/junit-jupiter-api/5.7.2/junit-jupiter-api-5.7.2.jar:/Users/cihandilsiz/.m2/repository/org/apiguardian/apiguardian-api/1.1.0/apiguardian-api-1.1.0.jar:/Users/cihandilsiz/.m2/repository/org/opentest4j/opentest4j/1.2.0/opentest4j-1.2.0.jar:/Users/cihandilsiz/.m2/repository/org/junit/platform/junit-platform-commons/1.7.2/junit-platform-commons-1.7.2.jar:/Users/cihandilsiz/.m2/repository/org/junit/jupiter/junit-jupiter-params/5.7.2/junit-jupiter-params-5.7.2.jar:/Users/cihandilsiz/.m2/repository/org/junit/jupiter/junit-jupiter-engine/5.7.2/junit-jupiter-engine-5.7.2.jar:/Users/cihandilsiz/.m2/repository/org/junit/platform/junit-platform-engine/1.7.2/junit-platform-engine-1.7.2.jar:/Users/cihandilsiz/.m2/repository/org/mockito/mockito-junit-jupiter/5.3.1/mockito-junit-jupiter-5.3.1.jar:/Users/cihandilsiz/.m2/repository/org/mockito/mockito-core/5.3.1/mockito-core-5.3.1.jar:/Users/cihandilsiz/.m2/repository/org/objenesis/objenesis/3.3/objenesis-3.3.jar:/Users/cihandilsiz/.m2/repository/net/bytebuddy/byte-buddy/1.12.6/byte-buddy-1.12.6.jar:/Users/cihandilsiz/.m2/repository/net/bytebuddy/byte-buddy-agent/1.12.6/byte-buddy-agent-1.12.6.jar:"/>
    <property name="sun.cpu.endian" value="little"/>
    <property name="user.home" value="/Users/cihandilsiz"/>
    <property name="user.language" value="en"/>
    <property name="java.specification.vendor" value="Oracle Corporation"/>
    <property name="java.version.date" value="2022-09-20"/>
    <property name="java.home" value="/Library/Java/JavaVirtualMachines/jdk-19.jdk/Contents/Home"/>
    <property name="file.separator" value="/"/>
    <property name="basedir" value="/Users/cihandilsiz/IdeaProjects/Ecommerce-MicroService/category-service"/>
    <property name="java.vm.compressedOopsMode" value="Zero based"/>
    <property name="line.separator" value="&#10;"/>
    <property name="java.vm.specification.vendor" value="Oracle Corporation"/>
    <property name="java.specification.name" value="Java Platform API Specification"/>
    <property name="FILE_LOG_CHARSET" value="UTF-8"/>
    <property name="java.awt.headless" value="true"/>
    <property name="apple.awt.application.name" value="ForkedBooter"/>
    <property name="surefire.real.class.path" value="/Users/cihandilsiz/IdeaProjects/Ecommerce-MicroService/category-service/target/surefire/surefirebooter-20230722231531897_3.jar"/>
    <property name="LOG_LEVEL_PATTERN" value="%5p [category-service,%X{traceId:-},%X{spanId:-}]"/>
    <property name="sun.management.compiler" value="HotSpot 64-Bit Tiered Compilers"/>
    <property name="java.runtime.version" value="19+36-2238"/>
    <property name="user.name" value="cihandilsiz"/>
    <property name="stdout.encoding" value="UTF-8"/>
    <property name="path.separator" value=":"/>
    <property name="os.version" value="13.4.1"/>
    <property name="java.runtime.name" value="Java(TM) SE Runtime Environment"/>
    <property name="file.encoding" value="UTF-8"/>
    <property name="spring.beaninfo.ignore" value="true"/>
    <property name="java.vm.name" value="Java HotSpot(TM) 64-Bit Server VM"/>
    <property name="localRepository" value="/Users/cihandilsiz/.m2/repository"/>
    <property name="java.vendor.url.bug" value="https://bugreport.java.com/bugreport/"/>
    <property name="java.io.tmpdir" value="/var/folders/_l/6b9pgn4s35xbpjt4j92d5gjc0000gn/T/"/>
    <property name="idea.version" value="2023.1.2"/>
    <property name="java.version" value="19"/>
    <property name="user.dir" value="/Users/cihandilsiz/IdeaProjects/Ecommerce-MicroService/category-service"/>
    <property name="os.arch" value="aarch64"/>
    <property name="java.vm.specification.name" value="Java Virtual Machine Specification"/>
    <property name="PID" value="40355"/>
    <property name="CONSOLE_LOG_CHARSET" value="UTF-8"/>
    <property name="native.encoding" value="UTF-8"/>
    <property name="java.library.path" value="/Users/cihandilsiz/Library/Java/Extensions:/Library/Java/Extensions:/Network/Library/Java/Extensions:/System/Library/Java/Extensions:/usr/lib/java:."/>
    <property name="java.vm.info" value="mixed mode, sharing"/>
    <property name="stderr.encoding" value="UTF-8"/>
    <property name="java.vendor" value="Oracle Corporation"/>
    <property name="java.vm.version" value="19+36-2238"/>
    <property name="sun.io.unicode.encoding" value="UnicodeBig"/>
    <property name="maven.repo.local" value="/Users/cihandilsiz/.m2/repository"/>
    <property name="java.class.version" value="63.0"/>
  </properties>
  <testcase name="contextLoads" classname="com.ecommerce.categoryservice.CategoryServiceApplicationTests" time="0.362">
    <system-out><![CDATA[23:15:32.231 [main] DEBUG org.springframework.test.context.BootstrapUtils - Instantiating CacheAwareContextLoaderDelegate from class [org.springframework.test.context.cache.DefaultCacheAwareContextLoaderDelegate]
23:15:32.236 [main] DEBUG org.springframework.test.context.BootstrapUtils - Instantiating BootstrapContext using constructor [public org.springframework.test.context.support.DefaultBootstrapContext(java.lang.Class,org.springframework.test.context.CacheAwareContextLoaderDelegate)]
23:15:32.251 [main] DEBUG org.springframework.test.context.BootstrapUtils - Instantiating TestContextBootstrapper for test class [com.ecommerce.categoryservice.CategoryServiceApplicationTests] from class [org.springframework.boot.test.context.SpringBootTestContextBootstrapper]
23:15:32.257 [main] INFO org.springframework.boot.test.context.SpringBootTestContextBootstrapper - Neither @ContextConfiguration nor @ContextHierarchy found for test class [com.ecommerce.categoryservice.CategoryServiceApplicationTests], using SpringBootContextLoader
23:15:32.258 [main] DEBUG org.springframework.test.context.support.AbstractContextLoader - Did not detect default resource location for test class [com.ecommerce.categoryservice.CategoryServiceApplicationTests]: class path resource [com/ecommerce/categoryservice/CategoryServiceApplicationTests-context.xml] does not exist
23:15:32.258 [main] DEBUG org.springframework.test.context.support.AbstractContextLoader - Did not detect default resource location for test class [com.ecommerce.categoryservice.CategoryServiceApplicationTests]: class path resource [com/ecommerce/categoryservice/CategoryServiceApplicationTestsContext.groovy] does not exist
23:15:32.258 [main] INFO org.springframework.test.context.support.AbstractContextLoader - Could not detect default resource locations for test class [com.ecommerce.categoryservice.CategoryServiceApplicationTests]: no resource found for suffixes {-context.xml, Context.groovy}.
23:15:32.276 [main] DEBUG org.springframework.test.context.support.ActiveProfilesUtils - Could not find an 'annotation declaring class' for annotation type [org.springframework.test.context.ActiveProfiles] and class [com.ecommerce.categoryservice.CategoryServiceApplicationTests]
23:15:32.317 [main] DEBUG org.springframework.boot.test.context.SpringBootTestContextBootstrapper - @TestExecutionListeners is not present for class [com.ecommerce.categoryservice.CategoryServiceApplicationTests]: using defaults.
23:15:32.317 [main] INFO org.springframework.boot.test.context.SpringBootTestContextBootstrapper - Loaded default TestExecutionListener class names from location [META-INF/spring.factories]: [org.springframework.boot.test.mock.mockito.MockitoTestExecutionListener, org.springframework.boot.test.mock.mockito.ResetMocksTestExecutionListener, org.springframework.boot.test.autoconfigure.restdocs.RestDocsTestExecutionListener, org.springframework.boot.test.autoconfigure.web.client.MockRestServiceServerResetTestExecutionListener, org.springframework.boot.test.autoconfigure.web.servlet.MockMvcPrintOnlyOnFailureTestExecutionListener, org.springframework.boot.test.autoconfigure.web.servlet.WebDriverTestExecutionListener, org.springframework.boot.test.autoconfigure.webservices.client.MockWebServiceServerTestExecutionListener, org.springframework.test.context.web.ServletTestExecutionListener, org.springframework.test.context.support.DirtiesContextBeforeModesTestExecutionListener, org.springframework.test.context.event.ApplicationEventsTestExecutionListener, org.springframework.test.context.support.DependencyInjectionTestExecutionListener, org.springframework.test.context.support.DirtiesContextTestExecutionListener, org.springframework.test.context.transaction.TransactionalTestExecutionListener, org.springframework.test.context.jdbc.SqlScriptsTestExecutionListener, org.springframework.test.context.event.EventPublishingTestExecutionListener]
23:15:32.323 [main] INFO org.springframework.boot.test.context.SpringBootTestContextBootstrapper - Using TestExecutionListeners: [org.springframework.test.context.web.ServletTestExecutionListener@50de186c, org.springframework.test.context.support.DirtiesContextBeforeModesTestExecutionListener@3f57bcad, org.springframework.test.context.event.ApplicationEventsTestExecutionListener@1e8b7643, org.springframework.boot.test.mock.mockito.MockitoTestExecutionListener@51549490, org.springframework.boot.test.autoconfigure.SpringBootDependencyInjectionTestExecutionListener@71e9ebae, org.springframework.test.context.support.DirtiesContextTestExecutionListener@73d983ea, org.springframework.test.context.transaction.TransactionalTestExecutionListener@36a5cabc, org.springframework.test.context.jdbc.SqlScriptsTestExecutionListener@432038ec, org.springframework.test.context.event.EventPublishingTestExecutionListener@7daa0fbd, org.springframework.boot.test.mock.mockito.ResetMocksTestExecutionListener@42530531, org.springframework.boot.test.autoconfigure.restdocs.RestDocsTestExecutionListener@5a3bc7ed, org.springframework.boot.test.autoconfigure.web.client.MockRestServiceServerResetTestExecutionListener@181e731e, org.springframework.boot.test.autoconfigure.web.servlet.MockMvcPrintOnlyOnFailureTestExecutionListener@35645047, org.springframework.boot.test.autoconfigure.web.servlet.WebDriverTestExecutionListener@6f44a157, org.springframework.boot.test.autoconfigure.webservices.client.MockWebServiceServerTestExecutionListener@6bc407fd]
23:15:32.325 [main] DEBUG org.springframework.test.context.support.AbstractDirtiesContextTestExecutionListener - Before test class: context [DefaultTestContext@3bd323e9 testClass = CategoryServiceApplicationTests, testInstance = [null], testMethod = [null], testException = [null], mergedContextConfiguration = [WebMergedContextConfiguration@39ac0c0a testClass = CategoryServiceApplicationTests, locations = '{}', classes = '{class com.ecommerce.categoryservice.CategoryServiceApplicationTests}', contextInitializerClasses = '[]', activeProfiles = '{}', propertySourceLocations = '{}', propertySourceProperties = '{org.springframework.boot.test.context.SpringBootTestContextBootstrapper=true}', contextCustomizers = set[org.springframework.boot.test.context.filter.ExcludeFilterContextCustomizer@c88a337, org.springframework.boot.test.json.DuplicateJsonObjectContextCustomizerFactory$DuplicateJsonObjectContextCustomizer@1de76cc7, org.springframework.boot.test.mock.mockito.MockitoContextCustomizer@0, org.springframework.boot.test.web.client.TestRestTemplateContextCustomizer@2c1b194a, org.springframework.boot.test.autoconfigure.actuate.metrics.MetricsExportContextCustomizerFactory$DisableMetricExportContextCustomizer@12aba8be, org.springframework.boot.test.autoconfigure.properties.PropertyMappingContextCustomizer@0, org.springframework.boot.test.autoconfigure.web.servlet.WebDriverContextCustomizerFactory$Customizer@7d4f9aae, org.springframework.boot.test.context.SpringBootTestArgs@1, org.springframework.boot.test.context.SpringBootTestWebEnvironment@319b92f3], resourceBasePath = 'src/main/webapp', contextLoader = 'org.springframework.boot.test.context.SpringBootContextLoader', parent = [null]], attributes = map['org.springframework.test.context.web.ServletTestExecutionListener.activateListener' -> true]], class annotated with @DirtiesContext [false] with mode [null].
23:15:32.351 [main] DEBUG org.springframework.boot.ApplicationServletEnvironment - Activating profiles []
23:15:32.353 [main] DEBUG org.springframework.test.context.support.TestPropertySourceUtils - Adding inlined properties to environment: {spring.jmx.enabled=false, org.springframework.boot.test.context.SpringBootTestContextBootstrapper=true}
 ,-----.         ,--.
'  .--./,--,--.,-'  '-. ,---.  ,---. ,---. ,--.--.,--. ,--.
|  |   ' ,-.  |'-.  .-'| .-. :| .-. | .-. ||  .--' \  '  /
'  '--'\ '-'  |  |  |  \   --.' '-' ' '-' '|  |     \   '
 `-----'`--`--'  `--'   `----'.`-  / `---' `--'   .-'  /
                              `---'               `---'
2023-07-22 23:15:32.522  INFO [category-service,,] 40355 --- [           main] c.e.c.CategoryServiceApplicationTests    : Starting CategoryServiceApplicationTests using Java 19 on Cihans-MBP.attlocal.net with PID 40355 (started by cihandilsiz in /Users/cihandilsiz/IdeaProjects/Ecommerce-MicroService/category-service)
2023-07-22 23:15:32.523  INFO [category-service,,] 40355 --- [           main] c.e.c.CategoryServiceApplicationTests    : No active profile set, falling back to default profiles: default
2023-07-22 23:15:32.583  INFO [category-service,,] 40355 --- [           main] c.e.c.CategoryServiceApplicationTests    : Started CategoryServiceApplicationTests in 0.229 seconds (JVM running for 0.64)
]]></system-out>
  </testcase>
</testsuite>